<?xml version="1.0" encoding="UTF-8"?>
<testsuite name="PythagoreanTripletTest" tests="9" skipped="0" failures="0" errors="0" timestamp="2023-06-24T16:12:28" hostname="DESKTOP-UAHDMDA" time="1.306">
  <properties/>
  <testcase name="tripletsWhoseSumIs840WithFactorsLessThanOrEqualTo370" classname="PythagoreanTripletTest" time="0.01"/>
  <testcase name="tripletsWhoseSumIs1000" classname="PythagoreanTripletTest" time="0.005"/>
  <testcase name="tripletsWhoseSumIs1001" classname="PythagoreanTripletTest" time="0.005"/>
  <testcase name="tripletsWhoseSumIs108" classname="PythagoreanTripletTest" time="0.0"/>
  <testcase name="tripletsWhoseSumIs840" classname="PythagoreanTripletTest" time="0.004"/>
  <testcase name="tripletsWhoseSumIs12" classname="PythagoreanTripletTest" time="0.001"/>
  <testcase name="tripletsWhoseSumIs90" classname="PythagoreanTripletTest" time="0.0"/>
  <testcase name="tripletsWhoseSumIs30000WithFactorsLessThanOrEqualTo12500" classname="PythagoreanTripletTest" time="0.104"/>
  <testcase name="tripletsWhoseSumIs30000" classname="PythagoreanTripletTest" time="1.174"/>
  <system-out><![CDATA[]]></system-out>
  <system-err><![CDATA[]]></system-err>
</testsuite>
